<?xml version="1.0" encoding="UTF-8"?>
<!-- Generated by org.testng.reporters.JUnitXMLReporter -->
<testsuite ignored="0" hostname="DESKTOP-M3B437L" failures="0" tests="3" name="Default test" time="44.07" errors="0" timestamp="2024-06-15T18:13:15 IST">
  <testcase classname="Prasad.AppiumAutomationTesting.EcommerceTestCase4" name="addItemsToCartMultiple" time="14.29"/>
  <testcase classname="Prasad.AppiumAutomationTesting.EcommerceTestCase4" name="goToCartAndAssertPrice" time="3.415"/>
  <testcase classname="Prasad.AppiumAutomationTesting.EcommerceTestCase4" name="submitOrder" time="15.044"/>
</testsuite> <!-- Default test -->
