<?xml version="1.0" encoding="UTF-8"?>
<!-- Generated by org.testng.reporters.JUnitXMLReporter -->
<testsuite ignored="0" hostname="DESKTOP-M3B437L" failures="0" tests="4" name="Default test" time="119.134" errors="0" timestamp="2024-06-10T20:08:22 IST">
  <testcase classname="Prasad.AppiumAutomationTesting.MiscellaneousActionExercise" name="Demo1" time="15.21"/>
  <testcase classname="Prasad.AppiumAutomationTesting.MiscellaneousActionExercise" name="selectDialogBoxDemo" time="29.867"/>
  <testcase classname="Prasad.AppiumAutomationTesting.MiscellaneousActionExercise" name="selectListDemo" time="29.602"/>
  <testcase classname="Prasad.AppiumAutomationTesting.MiscellaneousActionExercise" name="selectRadioButtonDemo" time="31.142"/>
</testsuite> <!-- Default test -->
