<?xml version="1.0" encoding="UTF-8"?>
<testng-results ignored="0" total="3" passed="3" failed="0" skipped="0">
  <reporter-output>
  </reporter-output>
  <suite started-at="2024-06-15T18:12:31 IST" name="Default suite" finished-at="2024-06-15T18:13:15 IST" duration-ms="44070">
    <groups>
    </groups>
    <test started-at="2024-06-15T18:12:31 IST" name="Default test" finished-at="2024-06-15T18:13:15 IST" duration-ms="44070">
      <class name="Prasad.AppiumAutomationTesting.EcommerceTestCase4">
        <test-method is-config="true" signature="configureAppium()[pri:0, instance:Prasad.AppiumAutomationTesting.EcommerceTestCase4@2d1ef81a]" started-at="2024-06-15T18:12:31 IST" name="configureAppium" finished-at="2024-06-15T18:12:41 IST" duration-ms="10535" status="PASS">
          <reporter-output>
          </reporter-output>
        </test-method> <!-- configureAppium -->
        <test-method signature="addItemsToCartMultiple()[pri:0, instance:Prasad.AppiumAutomationTesting.EcommerceTestCase4@2d1ef81a]" started-at="2024-06-15T18:12:41 IST" name="addItemsToCartMultiple" finished-at="2024-06-15T18:12:55 IST" duration-ms="14290" status="PASS">
          <reporter-output>
          </reporter-output>
        </test-method> <!-- addItemsToCartMultiple -->
        <test-method signature="goToCartAndAssertPrice()[pri:0, instance:Prasad.AppiumAutomationTesting.EcommerceTestCase4@2d1ef81a]" started-at="2024-06-15T18:12:55 IST" name="goToCartAndAssertPrice" finished-at="2024-06-15T18:12:59 IST" depends-on-methods="Prasad.AppiumAutomationTesting.EcommerceTestCase4.addItemsToCartMultiple" duration-ms="3415" status="PASS">
          <reporter-output>
          </reporter-output>
        </test-method> <!-- goToCartAndAssertPrice -->
        <test-method signature="submitOrder()[pri:0, instance:Prasad.AppiumAutomationTesting.EcommerceTestCase4@2d1ef81a]" started-at="2024-06-15T18:12:59 IST" name="submitOrder" finished-at="2024-06-15T18:13:14 IST" depends-on-methods="Prasad.AppiumAutomationTesting.EcommerceTestCase4.goToCartAndAssertPrice" duration-ms="15044" status="PASS">
          <reporter-output>
          </reporter-output>
        </test-method> <!-- submitOrder -->
        <test-method is-config="true" signature="teardown()[pri:0, instance:Prasad.AppiumAutomationTesting.EcommerceTestCase4@2d1ef81a]" started-at="2024-06-15T18:13:14 IST" name="teardown" finished-at="2024-06-15T18:13:15 IST" duration-ms="720" status="PASS">
          <reporter-output>
          </reporter-output>
        </test-method> <!-- teardown -->
      </class> <!-- Prasad.AppiumAutomationTesting.EcommerceTestCase4 -->
    </test> <!-- Default test -->
  </suite> <!-- Default suite -->
</testng-results>
