<?xml version="1.0" encoding="UTF-8"?>
<testng-results ignored="0" total="4" passed="4" failed="0" skipped="0">
  <reporter-output>
  </reporter-output>
  <suite started-at="2024-06-10T20:06:23 IST" name="Default suite" finished-at="2024-06-10T20:08:22 IST" duration-ms="119134">
    <groups>
    </groups>
    <test started-at="2024-06-10T20:06:23 IST" name="Default test" finished-at="2024-06-10T20:08:22 IST" duration-ms="119134">
      <class name="Prasad.AppiumAutomationTesting.MiscellaneousActionExercise">
        <test-method is-config="true" signature="configureAppium()[pri:0, instance:Prasad.AppiumAutomationTesting.MiscellaneousActionExercise@6a6cb05c]" started-at="2024-06-10T20:06:23 IST" name="configureAppium" finished-at="2024-06-10T20:06:36 IST" duration-ms="12601" status="PASS">
          <reporter-output>
          </reporter-output>
        </test-method> <!-- configureAppium -->
        <test-method signature="Demo1()[pri:0, instance:Prasad.AppiumAutomationTesting.MiscellaneousActionExercise@6a6cb05c]" started-at="2024-06-10T20:06:36 IST" name="Demo1" finished-at="2024-06-10T20:06:51 IST" duration-ms="15210" status="PASS">
          <reporter-output>
          </reporter-output>
        </test-method> <!-- Demo1 -->
        <test-method signature="selectDialogBoxDemo()[pri:0, instance:Prasad.AppiumAutomationTesting.MiscellaneousActionExercise@6a6cb05c]" started-at="2024-06-10T20:06:51 IST" name="selectDialogBoxDemo" finished-at="2024-06-10T20:07:21 IST" duration-ms="29867" status="PASS">
          <reporter-output>
          </reporter-output>
        </test-method> <!-- selectDialogBoxDemo -->
        <test-method signature="selectListDemo()[pri:0, instance:Prasad.AppiumAutomationTesting.MiscellaneousActionExercise@6a6cb05c]" started-at="2024-06-10T20:07:21 IST" name="selectListDemo" finished-at="2024-06-10T20:07:51 IST" duration-ms="29602" status="PASS">
          <reporter-output>
          </reporter-output>
        </test-method> <!-- selectListDemo -->
        <test-method signature="selectRadioButtonDemo()[pri:0, instance:Prasad.AppiumAutomationTesting.MiscellaneousActionExercise@6a6cb05c]" started-at="2024-06-10T20:07:51 IST" name="selectRadioButtonDemo" finished-at="2024-06-10T20:08:22 IST" duration-ms="31142" status="PASS">
          <reporter-output>
          </reporter-output>
        </test-method> <!-- selectRadioButtonDemo -->
        <test-method is-config="true" signature="teardown()[pri:0, instance:Prasad.AppiumAutomationTesting.MiscellaneousActionExercise@6a6cb05c]" started-at="2024-06-10T20:08:22 IST" name="teardown" finished-at="2024-06-10T20:08:22 IST" duration-ms="654" status="PASS">
          <reporter-output>
          </reporter-output>
        </test-method> <!-- teardown -->
      </class> <!-- Prasad.AppiumAutomationTesting.MiscellaneousActionExercise -->
    </test> <!-- Default test -->
  </suite> <!-- Default suite -->
</testng-results>
